2018-11-16 14:54:18: joelqui logged in.
2018-11-16 14:54:59: joelqui added document#181116016.
2018-11-16 14:58:28: quai.tia logged out.
2018-11-16 14:58:43: quai.tia logged in.
2018-11-16 15:01:37: quai.tia added document#181116017.
2018-11-16 15:05:59: quai.tia added document#181116018.
2018-11-16 15:06:56: quai.tia added document#181116019.
2018-11-16 15:10:13: joelqui added document#181116020.
2018-11-16 15:10:55: quai.tia added document#181116021.
2018-11-16 15:11:53: joelqui added document#181116022.
2018-11-16 15:35:21: joelqui logged in.
2018-11-16 15:35:35: joelqui logged out.
2018-11-16 15:35:45: lyna.socmob logged in.
2018-11-16 15:36:30: lyna.socmob logged out.
2018-11-16 15:36:42: lyna.socmob logged in.
2018-11-16 15:40:10: lyna.socmob added document#181116023.
2018-11-16 15:42:01: lyna.socmob added remarks to document#181116023.
2018-11-16 15:42:32: lyna.socmob forwarded document#181116023.
2018-11-16 15:42:55: lyna.socmob cancelled the forwarding of document#181116023.
2018-11-16 15:43:07: lyna.socmob marked document#181116023 completed.
2018-11-16 15:45:21: lyna.socmob logged out.
2018-11-16 15:51:38: joelqui logged out.
2018-11-16 15:51:49: joelqui logged in.
2018-11-16 21:37:10: joelqui logged in.
2018-11-16 21:37:36: joelqui added document#181116024.
2018-11-16 21:38:57: joelqui added document#181116025.
2018-11-16 21:43:33: joelqui cancelled the forwarding of document#181116015.
2018-11-16 21:43:44: joelqui added remarks to document#181116015.
2018-11-16 21:51:40: joelqui added remarks to document#181116015.
2018-11-16 21:52:43: joelqui added remarks to document#181116015.
2018-11-16 21:52:51: joelqui added remarks to document#181116015.
2018-11-16 21:52:56: joelqui added remarks to document#181116015.
2018-11-16 21:53:03: joelqui added remarks to document#181116015.
2018-11-16 21:53:08: joelqui added remarks to document#181116015.
2018-11-16 21:53:14: joelqui added remarks to document#181116015.
2018-11-16 21:53:24: joelqui added remarks to document#181116015.
2018-11-16 21:53:31: joelqui added remarks to document#181116015.
2018-11-16 21:53:38: joelqui added remarks to document#181116015.
2018-11-16 21:53:44: joelqui added remarks to document#181116015.
2018-11-16 21:54:27: joelqui added remarks to document#181116015.
2018-11-16 21:55:17: joelqui added document#181116026.
2018-11-16 21:55:57: joelqui added remarks to document#181116015.
2018-11-16 21:59:01: joelqui added remarks to document#181116015.
2018-11-16 21:59:14: joelqui added remarks to document#181116015.
2018-11-16 21:59:26: joelqui added remarks to document#181116015.
2018-11-16 21:59:38: joelqui added remarks to document#181116015.
2018-11-16 21:59:51: joelqui added remarks to document#181116015.
2018-11-16 22:08:52: joelqui added remarks to document#181116015.
2018-11-16 22:09:06: joelqui added remarks to document#181116015.
2018-11-16 22:11:02: joelqui added remarks to document#181116015.
2018-11-16 22:17:59: joelqui added remarks to document#181116015.
2018-11-16 22:27:52: joelqui added remarks to document#181116015.
2018-11-16 22:28:34: joelqui marked document#181116015 completed.
2018-11-16 22:28:50: joelqui logged out.
2018-11-17 05:55:21: joelqui logged in.
2018-11-17 05:55:22: joelqui logged in.
2018-11-17 05:56:06: joelqui added document#181116027.
2018-11-17 05:57:46: joelqui added document#181116028.
2018-11-17 06:00:22: joelqui added document#181117001.
2018-11-17 08:00:59: joelqui added document#181117002.
2018-11-17 08:01:33: joelqui added remarks to document#181117002.
2018-11-17 08:01:40: joelqui logged out.
2018-11-17 09:12:46: joelqui logged in.2018-11-17 09:12:58: joelqui added remarks to document#181117002.2018-11-17 09:56:55: joelqui added remarks to document#181117002.2018-11-17 10:16:04: joelqui added document#181117003.2018-11-17 17:04:49: joelqui logged in.2018-11-17 17:05:04: joelqui added document#181117004.2018-11-17 23:23:37: joelqui added document#181117005.